<?xml version="1.0" encoding="UTF-8"?>
<!-- Generated by org.testng.reporters.JUnitXMLReporter -->
<testsuite ignored="0" hostname="DESKTOP-KMPTPII" failures="0" tests="2" name="Default test" time="14.27" errors="0" timestamp="2026-04-19T10:17:22 IST">
  <testcase classname="demo.TestScripts.TC_003_Capture_Laptop_Names_Prices_Test" name="VerifyLaptop" time="3.699"/>
  <testcase classname="demo.TestScripts.TC_003_Capture_Laptop_Names_Prices_Test" name="Verify_LaptopDetails" time="0.476"/>
</testsuite> <!-- Default test -->
