<?xml version="1.0" encoding="UTF-8"?>
<!-- Generated by org.testng.reporters.JUnitXMLReporter -->
<testsuite ignored="0" hostname="DESKTOP-KMPTPII" failures="0" tests="2" name="Default test" time="25.975" errors="0" timestamp="2026-04-19T10:55:39 IST">
  <testcase classname="demo.TestScripts.TC_003_Capture_Laptop_Names_Prices_Test" name="VerifyLaptop" time="12.812"/>
  <testcase classname="demo.TestScripts.TC_003_Capture_Laptop_Names_Prices_Test" name="Verify_LaptopDetails" time="2.231"/>
</testsuite> <!-- Default test -->
