<?xml version="1.0" encoding="UTF-8"?>
<!-- Generated by org.testng.reporters.JUnitXMLReporter -->
<testsuite ignored="2" hostname="DESKTOP-KMPTPII" failures="0" tests="2" name="Test" time="30.695" errors="0" timestamp="2026-04-19T00:19:53 IST">
  <testcase classname="demo.TestScripts.TC_001_Launch_BroserTest" name="VerifyTitle" time="0.81"/>
  <testcase classname="demo.TestScripts.TC_002_Click_On_LaptopTest" name="verify_Laptops" time="3.64"/>
  <testcase classname="demo.base.Base_Class" name="@BeforeSuite setupReport" time="0.0">
    <ignored/>
  </testcase> <!-- @BeforeSuite setupReport -->
  <testcase classname="demo.base.Base_Class" name="@AfterSuite reportGenerate" time="0.0">
    <ignored/>
  </testcase> <!-- @AfterSuite reportGenerate -->
</testsuite> <!-- Test -->
