<?xml version="1.0" encoding="UTF-8"?>
<testng-results ignored="0" total="1" passed="1" failed="0" skipped="0">
  <reporter-output>
  </reporter-output>
  <suite started-at="2026-04-18T20:52:51 IST" name="Suite" finished-at="2026-04-18T20:53:30 IST" duration-ms="39364">
    <groups>
    </groups>
    <test started-at="2026-04-18T20:52:51 IST" name="Test" finished-at="2026-04-18T20:53:30 IST" duration-ms="39364">
      <class name="demo.TestScripts.TC_001_Launch_BroserTest">
        <test-method is-config="true" signature="setupReport()[pri:0, instance:demo.TestScripts.TC_001_Launch_BroserTest@6c7a164b]" started-at="2026-04-18T20:52:51 IST" name="setupReport" finished-at="2026-04-18T20:52:51 IST" duration-ms="268" status="PASS">
          <reporter-output>
          </reporter-output>
        </test-method> <!-- setupReport -->
        <test-method is-config="true" signature="init()[pri:0, instance:demo.TestScripts.TC_001_Launch_BroserTest@6c7a164b]" started-at="2026-04-18T20:52:51 IST" name="init" finished-at="2026-04-18T20:53:29 IST" duration-ms="38438" status="PASS">
          <reporter-output>
          </reporter-output>
        </test-method> <!-- init -->
        <test-method signature="VerifyTitle()[pri:0, instance:demo.TestScripts.TC_001_Launch_BroserTest@6c7a164b]" started-at="2026-04-18T20:53:29 IST" name="VerifyTitle" finished-at="2026-04-18T20:53:30 IST" duration-ms="265" status="PASS">
          <reporter-output>
          </reporter-output>
        </test-method> <!-- VerifyTitle -->
        <test-method is-config="true" signature="teardown()[pri:0, instance:demo.TestScripts.TC_001_Launch_BroserTest@6c7a164b]" started-at="2026-04-18T20:53:30 IST" name="teardown" finished-at="2026-04-18T20:53:30 IST" duration-ms="386" status="PASS">
          <reporter-output>
          </reporter-output>
        </test-method> <!-- teardown -->
        <test-method is-config="true" signature="reportGenerate()[pri:0, instance:demo.TestScripts.TC_001_Launch_BroserTest@6c7a164b]" started-at="2026-04-18T20:53:30 IST" name="reportGenerate" finished-at="2026-04-18T20:53:31 IST" duration-ms="640" status="PASS">
          <reporter-output>
          </reporter-output>
        </test-method> <!-- reportGenerate -->
      </class> <!-- demo.TestScripts.TC_001_Launch_BroserTest -->
    </test> <!-- Test -->
  </suite> <!-- Suite -->
</testng-results>
