<?xml version="1.0" encoding="UTF-8"?>
<!-- Generated by org.testng.reporters.JUnitReportReporter -->
<testsuite hostname="DESKTOP-KMPTPII" failures="0" tests="3" name="demo.TestScripts.TestClass" time="0.469" errors="0" timestamp="2026-04-18T15:35:27 IST" skipped="0">
  <testcase classname="demo.TestScripts.TestClass" name="Dynamic_Selection" time="0.051"/>
  <testcase classname="demo.TestScripts.TestClass" name="Dynamic_Selection" time="0.347"/>
  <testcase classname="demo.TestScripts.TestClass" name="Dynamic_Selection" time="0.071"/>
</testsuite> <!-- demo.TestScripts.TestClass -->
